<?xml version="1.0" encoding="UTF-8"?>
<!-- Generated by org.testng.reporters.JUnitReportReporter -->
<testsuite hostname="USPL-310" failures="0" tests="1" name="coreJava.PS1" time="0.014" errors="0" timestamp="2025-04-17T17:19:12 IST" skipped="0">
  <testcase classname="coreJava.PS1" name="testRun" time="0.014"/>
</testsuite> <!-- coreJava.PS1 -->
