<?xml version="1.0" encoding="UTF-8"?>
<!-- Generated by org.testng.reporters.JUnitReportReporter -->
<testsuite hostname="DESKTOP-9054JO6" failures="0" tests="1" name="coreJava.PS1" time="0.046" errors="0" timestamp="2025-04-19T14:52:58 IST" skipped="0">
  <testcase classname="coreJava.PS1" name="testRun" time="0.046"/>
</testsuite> <!-- coreJava.PS1 -->
