<?xml version="1.0" encoding="UTF-8"?>
<!-- Generated by org.testng.reporters.JUnitReportReporter -->
<testsuite hostname="USPL-310" failures="0" tests="1" name="basics.Day3" time="0.002" errors="0" timestamp="2025-04-16T12:14:42 IST" skipped="0">
  <testcase classname="basics.Day3" name="mobileSignoutCarLoan" time="0.002"/>
</testsuite> <!-- basics.Day3 -->
