<?xml version="1.0" encoding="UTF-8"?>
<!-- Generated by org.testng.reporters.JUnitReportReporter -->
<testsuite hostname="USPL-310" failures="0" tests="1" name="basics.Day2" time="0.004" errors="0" timestamp="2025-04-16T16:05:03 IST" skipped="0">
  <testcase classname="basics.Day2" name="ploan" time="0.004"/>
</testsuite> <!-- basics.Day2 -->
