<?xml version="1.0" encoding="UTF-8"?>
<!-- Generated by org.testng.reporters.JUnitReportReporter -->
<testsuite hostname="USPL-310" failures="0" tests="1" name="basics.Day2" time="0.006" errors="0" timestamp="2025-04-15T18:36:25 IST" skipped="0">
  <testcase classname="basics.Day2" name="ploan" time="0.006"/>
</testsuite> <!-- basics.Day2 -->
