<?xml version="1.0" encoding="UTF-8"?>
<!-- Generated by org.testng.reporters.JUnitReportReporter -->
<testsuite hostname="USPL-310" failures="0" tests="3" name="basics.Day4" time="0.008" errors="0" timestamp="2025-04-16T16:35:49 IST" skipped="0">
  <testcase classname="basics.Day4" name="loginAPIHomeLoan" time="0.002"/>
  <testcase classname="basics.Day4" name="mobileLoginHomeLoan" time="0.002"/>
  <testcase classname="basics.Day4" name="webLoginHomeLoan" time="0.004"/>
</testsuite> <!-- basics.Day4 -->
