<?xml version="1.0" encoding="UTF-8"?>
<!-- Generated by org.testng.reporters.JUnitReportReporter -->
<testsuite hostname="USPL-310" failures="0" tests="1" name="demo" time="0.006" errors="0" timestamp="2025-04-15T11:58:59 IST" skipped="0">
  <testcase classname="demo" name="demo" time="0.006"/>
</testsuite> <!-- demo -->
