<?xml version="1.0" encoding="UTF-8"?>
<!-- Generated by org.testng.reporters.JUnitReportReporter -->
<testsuite hostname="USPL-310" failures="0" tests="2" name="demo" time="0.008" errors="0" timestamp="2025-04-15T14:47:16 IST" skipped="0">
  <testcase classname="demo" name="demo" time="0.006"/>
  <testcase classname="demo" name="secondTest" time="0.002"/>
</testsuite> <!-- demo -->
