<?xml version="1.0" encoding="UTF-8"?>
<!-- Generated by org.testng.reporters.JUnitReportReporter -->
<testsuite hostname="USPL-310" failures="0" tests="2" name="basics.Day1" time="0.006" errors="0" timestamp="2025-04-15T15:57:24 IST" skipped="0">
  <testcase classname="basics.Day1" name="secondTest" time="0.005"/>
  <testcase classname="basics.Day1" name="demo" time="0.001"/>
</testsuite> <!-- basics.Day1 -->
