<?xml version="1.0" encoding="UTF-8"?>
<!-- Generated by org.testng.reporters.JUnitReportReporter -->
<testsuite hostname="USPL-310" failures="0" tests="2" name="basics.Day3" time="0.003" errors="0" timestamp="2025-04-16T16:05:03 IST" skipped="1">
  <testcase classname="basics.Day3" name="webLoginCarLoan" time="0.003"/>
  <testcase classname="basics.Day3" name="mobileSigninCarLoan">
    <skipped/>
  </testcase> <!-- mobileSigninCarLoan -->
</testsuite> <!-- basics.Day3 -->
