<?xml version="1.0" encoding="UTF-8"?>
<!-- Generated by org.testng.reporters.JUnitReportReporter -->
<testsuite hostname="USPL-310" failures="0" tests="2" name="Ecommerce.Tests.ErrorValidationsTest" time="17.704" errors="0" timestamp="2025-04-30T16:10:51 IST" skipped="0">
  <testcase classname="Ecommerce.Tests.ErrorValidationsTest" name="LoginErrorValidation" time="2.914"/>
  <testcase classname="Ecommerce.Tests.ErrorValidationsTest" name="ProductErrorValidation" time="14.790"/>
</testsuite> <!-- Ecommerce.Tests.ErrorValidationsTest -->
