<?xml version="1.0" encoding="UTF-8"?>
<!-- Generated by org.testng.reporters.JUnitReportReporter -->
<testsuite hostname="USPL-310" failures="0" tests="1" name="Ecommerce.Tests.ErrorValidationsTest" time="2.081" errors="0" timestamp="2025-04-29T17:41:33 IST" skipped="0">
  <testcase classname="Ecommerce.Tests.ErrorValidationsTest" name="LoginErrorValidation" time="2.081"/>
</testsuite> <!-- Ecommerce.Tests.ErrorValidationsTest -->
