<?xml version="1.0" encoding="UTF-8"?>
<!-- Generated by org.testng.reporters.JUnitReportReporter -->
<testsuite hostname="USPL-310" failures="0" tests="1" name="Ecommerce.Tests.SubmitOrderTest" time="7.602" errors="0" timestamp="2025-04-29T19:28:32 IST" skipped="0">
  <testcase classname="Ecommerce.Tests.SubmitOrderTest" name="SubmitOrder" time="7.602"/>
</testsuite> <!-- Ecommerce.Tests.SubmitOrderTest -->
