<?xml version="1.0" encoding="UTF-8"?>
<!-- Generated by org.testng.reporters.JUnitReportReporter -->
<testsuite hostname="USPL-310" failures="0" tests="1" name="selenium.CheckLabel" time="2.612" errors="0" timestamp="2025-05-09T16:28:42 IST" skipped="0">
  <testcase classname="selenium.CheckLabel" name="checkLabel" time="2.612"/>
</testsuite> <!-- selenium.CheckLabel -->
