<?xml version="1.0" encoding="UTF-8"?>
<!-- Generated by org.testng.reporters.JUnitReportReporter -->
<testsuite hostname="USPL-310" failures="0" tests="1" name="selenium.StreamsDemo1" time="0.012" errors="0" timestamp="2025-04-11T18:21:02 IST" skipped="0">
  <testcase classname="selenium.StreamsDemo1" name="streamCollect" time="0.012"/>
</testsuite> <!-- selenium.StreamsDemo1 -->
