<?xml version="1.0" encoding="UTF-8"?>
<!-- Generated by org.testng.reporters.JUnitReportReporter -->
<testsuite hostname="USPL-310" failures="0" tests="1" name="eCare.Test.DriverClass" time="12.780" errors="0" timestamp="2025-05-07T15:47:11 IST" skipped="0">
  <testcase classname="eCare.Test.DriverClass" name="Pathologist" time="12.780"/>
</testsuite> <!-- eCare.Test.DriverClass -->
