<?xml version="1.0" encoding="UTF-8"?>
<!-- Generated by org.testng.reporters.JUnitReportReporter -->
<testsuite hostname="USPL-310" failures="0" tests="1" name="Test.DriverClass" time="13.378" errors="0" timestamp="2025-05-01T11:45:55 IST" skipped="0">
  <testcase classname="Test.DriverClass" name="Login" time="13.378"/>
</testsuite> <!-- Test.DriverClass -->
