<?xml version="1.0" encoding="UTF-8"?>
<!-- Generated by org.testng.reporters.JUnitReportReporter -->
<testsuite hostname="USPL-310" failures="0" tests="5" name="eCare.Test.DriverClass" time="110.373" errors="0" timestamp="2025-05-05T15:17:33 IST" skipped="0">
  <testcase classname="eCare.Test.DriverClass" name="Registration" time="13.727"/>
  <testcase classname="eCare.Test.DriverClass" name="BookAppointment" time="18.375"/>
  <testcase classname="eCare.Test.DriverClass" name="OpdDoctorFlow" time="44.925"/>
  <testcase classname="eCare.Test.DriverClass" name="OpdLabBooking" time="15.794"/>
  <testcase classname="eCare.Test.DriverClass" name="OpdPharmacyBooking" time="17.552"/>
</testsuite> <!-- eCare.Test.DriverClass -->
