<?xml version="1.0" encoding="UTF-8"?>
<!-- Generated by org.testng.reporters.JUnitReportReporter -->
<testsuite hostname="USPL-310" failures="0" tests="5" name="eCare.Test.DriverClass" time="112.098" errors="0" timestamp="2025-05-05T14:45:53 IST" skipped="0">
  <testcase classname="eCare.Test.DriverClass" name="Registration" time="13.589"/>
  <testcase classname="eCare.Test.DriverClass" name="BookAppointment" time="16.999"/>
  <testcase classname="eCare.Test.DriverClass" name="OpdDoctorFlow" time="47.176"/>
  <testcase classname="eCare.Test.DriverClass" name="OpdLabBooking" time="15.385"/>
  <testcase classname="eCare.Test.DriverClass" name="OpdPharmacyBooking" time="18.949"/>
</testsuite> <!-- eCare.Test.DriverClass -->
