<?xml version="1.0" encoding="UTF-8"?>
<!-- Generated by org.testng.reporters.JUnitReportReporter -->
<testsuite hostname="USPL-310" failures="0" tests="1" name="eCare.Test.DriverClass" time="33.395" errors="0" timestamp="2025-05-02T13:11:00 IST" skipped="0">
  <testcase classname="eCare.Test.DriverClass" name="OpdDoctorFlow" time="33.395"/>
</testsuite> <!-- eCare.Test.DriverClass -->
