<?xml version="1.0" encoding="UTF-8"?>
<!-- Generated by org.testng.reporters.JUnitReportReporter -->
<testsuite hostname="USPL-310" failures="0" tests="1" name="eCare.Test.DriverClass" time="2.637" errors="0" timestamp="2025-05-01T15:50:44 IST" skipped="0">
  <testcase classname="eCare.Test.DriverClass" name="OpdDoctor" time="2.637"/>
</testsuite> <!-- eCare.Test.DriverClass -->
