<?xml version="1.0" encoding="UTF-8"?>
<!-- Generated by org.testng.reporters.JUnitReportReporter -->
<testsuite hostname="USPL-310" failures="0" tests="1" name="Test.DriverClass" time="7.143" errors="0" timestamp="2025-04-24T18:22:12 IST" skipped="0">
  <testcase classname="Test.DriverClass" name="Login" time="7.143"/>
</testsuite> <!-- Test.DriverClass -->
