<?xml version="1.0" encoding="UTF-8"?>
<!-- Generated by org.testng.reporters.JUnitReportReporter -->
<testsuite hostname="USPL-310" failures="0" tests="3" name="eCare.Test.DriverClass" time="73.033" errors="0" timestamp="2025-05-02T17:47:28 IST" skipped="0">
  <testcase classname="eCare.Test.DriverClass" name="Registration" time="13.802"/>
  <testcase classname="eCare.Test.DriverClass" name="BookAppointment" time="16.791"/>
  <testcase classname="eCare.Test.DriverClass" name="OpdDoctorFlow" time="42.440"/>
</testsuite> <!-- eCare.Test.DriverClass -->
