<?xml version="1.0" encoding="UTF-8"?>
<!-- Generated by org.testng.reporters.JUnitReportReporter -->
<testsuite hostname="USPL-310" failures="0" tests="1" name="deepalisingh.ExtentReports.ExtentReportDemo" time="2.961" errors="0" timestamp="2025-04-30T13:15:35 IST" skipped="0">
  <testcase classname="deepalisingh.ExtentReports.ExtentReportDemo" name="intialDemo" time="2.961"/>
</testsuite> <!-- deepalisingh.ExtentReports.ExtentReportDemo -->
